<?xml version="1.0" encoding="UTF-8"?>
<testng-results ignored="0" total="1" passed="1" failed="0" skipped="0">
  <reporter-output>
  </reporter-output>
  <suite started-at="2024-10-28T00:13:55 IST" name="Default suite" finished-at="2024-10-28T00:14:17 IST" duration-ms="22672">
    <groups>
    </groups>
    <test started-at="2024-10-28T00:13:55 IST" name="Default test" finished-at="2024-10-28T00:14:17 IST" duration-ms="22672">
      <class name="nandilathtest.drpdwn">
        <test-method is-config="true" signature="setup()[pri:0, instance:nandilathtest.drpdwn@33d512c1]" started-at="2024-10-28T00:13:55 IST" name="setup" finished-at="2024-10-28T00:13:58 IST" duration-ms="3181" status="PASS">
          <reporter-output>
          </reporter-output>
        </test-method> <!-- setup -->
        <test-method is-config="true" signature="url()[pri:0, instance:nandilathtest.drpdwn@33d512c1]" started-at="2024-10-28T00:13:58 IST" name="url" finished-at="2024-10-28T00:14:06 IST" duration-ms="8700" status="PASS">
          <reporter-output>
          </reporter-output>
        </test-method> <!-- url -->
        <test-method signature="test()[pri:0, instance:nandilathtest.drpdwn@33d512c1]" started-at="2024-10-28T00:14:06 IST" name="test" finished-at="2024-10-28T00:14:17 IST" duration-ms="10716" status="PASS">
          <reporter-output>
          </reporter-output>
        </test-method> <!-- test -->
      </class> <!-- nandilathtest.drpdwn -->
    </test> <!-- Default test -->
  </suite> <!-- Default suite -->
</testng-results>
